    1  pwd
    2  passwd
    3  ssh-keygen -t ed25519 -C "santhosh.ravindrabharathy@sjsu.edu"
    4  ls -lah
    5  cd .ssh
    6  ls 
    7  cat id_ed25519.pub
    8  git clone git@github.com:santhoshravib1/a1-collab-santhoshravib1.git
    9  git switch -c santhoshravi-colab
   10  ls 
   11  rm -rf a1-collab-santhoshravib1/
   12  ls
   13  cd ..
   14  git clone git@github.com:santhoshravib1/a1-collab-santhoshravib1.git
   15  cd a1-collab-santhoshravib1/
   16  git switch -c santhoshravib1-colab
   17  vim Collaborators.md
   18  cat Collaborators.md
   19  git pull origin main
   20  git checkout main
   21  git merge santhoshravib1-colab
   22  git commit -m "Santhosh Ravindrabharathy added to collaborators"
   23  cd .git
   24  vim config
   25  cd ..
   26  git commit -m "Santhosh Ravindrabharathy added to collaborators"
   27  git add Collaborators.md
   28  git commit -m "Santhosh Ravindrabharathy added to collaborators"
   29  git push
   30  pwd
   31  /mnt/scratch/FA24_CS131_Jessica/sravindrabharathyfa24
   32  passwd
   33  ssh-keygen -t ed25519 -C "santhosh.ravindrabharathy@sjsu.edu"
   34  cd .ssh
   35  ls
   36  cat id_ed25519.pub
   37  git clone git@github.com:CS131-BigDataProcessing/mini-assignments-santhoshravib1.git
   38  git add Ravindrabharathy-S_A2
   39  cd Ravindrabharathy-S_a2_cmds.log
   40  Ravindrabharathy-S_A2/Ravindrabharathy-S_a2_cmds.log
   41  ls
   42  cd ..
   43  cd mini-assignments-santhoshravib1
   44  cd .ssh
   45  cd mini-assignments-santhoshravib1
   46  ls
   47  cd .. 
   48  cd ..
   49  ls
   50  cd .ssh
   51  cd ..
   52  git clone git@github.com:CS131-BigDataProcessing/CS131_fa24_datafiles.git
   53  cd CS131_fa24_datafiles/
   54  ls
   55  cd Lec02
   56  ls
   57  cat goodluck.txt
   58  grep -o '\bwor[a-zA-Z]*\b' goodluck.txt
   59  grep -o '\bdred[a-zA-Z]*\b' goodluck.txt
   60  grep 'Good luck, babe' goodluck.txt
   61  grep 'Good luck, babe' goodluck.txt | wc -l
   62  grep 'Good luck, babe' goodluck.txt | wc -w
   63  grep 'Good luck, babe' goodluck.txt | wc -l > Ravindrabharathy-S_a2_counts.txt
   64  grep 'Good luck, babe' goodluck.txt | wc -w >> Ravindrabharathy-S_a2_counts.txt
   65  vi Ravindrabharathy-S_a2_counts.txt
   66  cd ..
   67  history > Ravindrabharathy-S_a2_cmds.log
